<?xml version='1.0' encoding='UTF-8'?>
<testsuite hostname="BORISD-PC" name="SumOfMultiplesTest" tests="12" errors="0" failures="0" time="0.04">
                     <properties>
[...]
</properties>
                     <testcase classname="SumOfMultiplesTest" name="[3, 5] 1" time="0.034">
                                                 
                                               </testcase><testcase classname="SumOfMultiplesTest" name="[3, 5] 4" time="0.001">
                                                 
                                               </testcase><testcase classname="SumOfMultiplesTest" name="[3, 5] 10" time="0.001">
                                                 
                                               </testcase><testcase classname="SumOfMultiplesTest" name="[3, 5] 100" time="0.0">
                                                 
                                               </testcase><testcase classname="SumOfMultiplesTest" name="[3, 5] 1000" time="0.0">
                                                 
                                               </testcase><testcase classname="SumOfMultiplesTest" name="[7, 13, 17] 20" time="0.0">
                                                 
                                               </testcase><testcase classname="SumOfMultiplesTest" name="[4, 6] 15" time="0.0">
                                                 
                                               </testcase><testcase classname="SumOfMultiplesTest" name="[5, 6, 8] 150" time="0.001">
                                                 
                                               </testcase><testcase classname="SumOfMultiplesTest" name="[5, 25] 51" time="0.0">
                                                 
                                               </testcase><testcase classname="SumOfMultiplesTest" name="[43, 47] 10000" time="0.0">
                                                 
                                               </testcase><testcase classname="SumOfMultiplesTest" name="[1] 100" time="0.002">
                                                 
                                               </testcase><testcase classname="SumOfMultiplesTest" name="[] 10000" time="0.001">
                                                 
                                               </testcase>
                     <system-out></system-out>
                     <system-err></system-err>
                   </testsuite>