<?xml version='1.0' encoding='UTF-8'?>
<testsuite hostname="BORISD-PC" name="BobSpecs" tests="16" errors="0" failures="0" time="0.024">
                     <properties>
[...]
</properties>
                     <testcase classname="BobSpecs" name="should respond to a statement" time="0.02">
                                                 
                                               </testcase><testcase classname="BobSpecs" name="should respond to shouting" time="0.001">
                                                 
                                               </testcase><testcase classname="BobSpecs" name="should respond to questions" time="0.001">
                                                 
                                               </testcase><testcase classname="BobSpecs" name="should allow questions to end with numbers" time="0.0">
                                                 
                                               </testcase><testcase classname="BobSpecs" name="should respond to talking forcefully" time="0.0">
                                                 
                                               </testcase><testcase classname="BobSpecs" name="should allow acroynms in regular speech" time="0.0">
                                                 
                                               </testcase><testcase classname="BobSpecs" name="should see forceful questions as shouting" time="0.0">
                                                 
                                               </testcase><testcase classname="BobSpecs" name="should allow numbers when shouting" time="0.0">
                                                 
                                               </testcase><testcase classname="BobSpecs" name="should see only numbers as speech" time="0.0">
                                                 
                                               </testcase><testcase classname="BobSpecs" name="should respond to questions with only numbers" time="0.001">
                                                 
                                               </testcase><testcase classname="BobSpecs" name="should respond to shouting with no exclamation mark" time="0.0">
                                                 
                                               </testcase><testcase classname="BobSpecs" name="should respond to statements with ? in the middle" time="0.0">
                                                 
                                               </testcase><testcase classname="BobSpecs" name="should respond to prattling on" time="0.001">
                                                 
                                               </testcase><testcase classname="BobSpecs" name="should respond to silence" time="0.0">
                                                 
                                               </testcase><testcase classname="BobSpecs" name="should respond to prolonged silence" time="0.0">
                                                 
                                               </testcase><testcase classname="BobSpecs" name="should respond to multiple line questions" time="0.0">
                                                 
                                               </testcase>
                     <system-out></system-out>
                     <system-err></system-err>
                   </testsuite>